<?xml version="1.0" encoding="UTF-8"?>
<testsuite xmlns:xsi="http://www.w3.org/2001/XMLSchema-instance" xsi:noNamespaceSchemaLocation="https://maven.apache.org/surefire/maven-surefire-plugin/xsd/surefire-test-report.xsd" name="com.parkit.parkingsystem.ParkingServiceTest" time="3.899" tests="2" errors="1" skipped="0" failures="0">
  <properties>
    <property name="java.specification.version" value="13"/>
    <property name="sun.cpu.isalist" value="amd64"/>
    <property name="sun.jnu.encoding" value="Cp1252"/>
    <property name="java.class.path" value="D:\_FORMATION_Salesforce\P5_LAURENS_Jeremy\P5_LAURENS_JEREMY\target\test-classes;D:\_FORMATION_Salesforce\P5_LAURENS_Jeremy\P5_LAURENS_JEREMY\target\classes;C:\Users\rtwod\.m2\repository\org\apache\logging\log4j\log4j-api\2.12.1\log4j-api-2.12.1.jar;C:\Users\rtwod\.m2\repository\org\apache\logging\log4j\log4j-core\2.12.1\log4j-core-2.12.1.jar;C:\Users\rtwod\.m2\repository\mysql\mysql-connector-java\8.0.17\mysql-connector-java-8.0.17.jar;C:\Users\rtwod\.m2\repository\com\google\protobuf\protobuf-java\3.6.1\protobuf-java-3.6.1.jar;C:\Users\rtwod\.m2\repository\org\junit\jupiter\junit-jupiter-api\5.3.2\junit-jupiter-api-5.3.2.jar;C:\Users\rtwod\.m2\repository\org\apiguardian\apiguardian-api\1.0.0\apiguardian-api-1.0.0.jar;C:\Users\rtwod\.m2\repository\org\opentest4j\opentest4j\1.1.1\opentest4j-1.1.1.jar;C:\Users\rtwod\.m2\repository\org\junit\platform\junit-platform-commons\1.3.2\junit-platform-commons-1.3.2.jar;C:\Users\rtwod\.m2\repository\org\mockito\mockito-junit-jupiter\2.23.4\mockito-junit-jupiter-2.23.4.jar;C:\Users\rtwod\.m2\repository\org\mockito\mockito-core\2.23.4\mockito-core-2.23.4.jar;C:\Users\rtwod\.m2\repository\net\bytebuddy\byte-buddy\1.9.3\byte-buddy-1.9.3.jar;C:\Users\rtwod\.m2\repository\net\bytebuddy\byte-buddy-agent\1.9.3\byte-buddy-agent-1.9.3.jar;C:\Users\rtwod\.m2\repository\org\objenesis\objenesis\2.6\objenesis-2.6.jar;C:\Users\rtwod\.m2\repository\org\junit\jupiter\junit-jupiter-engine\5.3.2\junit-jupiter-engine-5.3.2.jar;C:\Users\rtwod\.m2\repository\org\junit\platform\junit-platform-engine\1.3.2\junit-platform-engine-1.3.2.jar;C:\Users\rtwod\.m2\repository\org\jacoco\jacoco-maven-plugin\0.8.5\jacoco-maven-plugin-0.8.5.jar;C:\Users\rtwod\.m2\repository\org\apache\maven\maven-plugin-api\3.0\maven-plugin-api-3.0.jar;C:\Users\rtwod\.m2\repository\org\sonatype\sisu\sisu-inject-plexus\1.4.2\sisu-inject-plexus-1.4.2.jar;C:\Users\rtwod\.m2\repository\org\sonatype\sisu\sisu-inject-bean\1.4.2\sisu-inject-bean-1.4.2.jar;C:\Users\rtwod\.m2\repository\org\sonatype\sisu\sisu-guice\2.1.7\sisu-guice-2.1.7-noaop.jar;C:\Users\rtwod\.m2\repository\org\apache\maven\maven-core\3.0\maven-core-3.0.jar;C:\Users\rtwod\.m2\repository\org\apache\maven\maven-settings\3.0\maven-settings-3.0.jar;C:\Users\rtwod\.m2\repository\org\apache\maven\maven-settings-builder\3.0\maven-settings-builder-3.0.jar;C:\Users\rtwod\.m2\repository\org\apache\maven\maven-repository-metadata\3.0\maven-repository-metadata-3.0.jar;C:\Users\rtwod\.m2\repository\org\apache\maven\maven-model-builder\3.0\maven-model-builder-3.0.jar;C:\Users\rtwod\.m2\repository\org\apache\maven\maven-aether-provider\3.0\maven-aether-provider-3.0.jar;C:\Users\rtwod\.m2\repository\org\sonatype\aether\aether-impl\1.7\aether-impl-1.7.jar;C:\Users\rtwod\.m2\repository\org\sonatype\aether\aether-spi\1.7\aether-spi-1.7.jar;C:\Users\rtwod\.m2\repository\org\sonatype\aether\aether-api\1.7\aether-api-1.7.jar;C:\Users\rtwod\.m2\repository\org\sonatype\aether\aether-util\1.7\aether-util-1.7.jar;C:\Users\rtwod\.m2\repository\org\codehaus\plexus\plexus-classworlds\2.2.3\plexus-classworlds-2.2.3.jar;C:\Users\rtwod\.m2\repository\org\codehaus\plexus\plexus-component-annotations\1.5.5\plexus-component-annotations-1.5.5.jar;C:\Users\rtwod\.m2\repository\org\sonatype\plexus\plexus-sec-dispatcher\1.3\plexus-sec-dispatcher-1.3.jar;C:\Users\rtwod\.m2\repository\org\sonatype\plexus\plexus-cipher\1.4\plexus-cipher-1.4.jar;C:\Users\rtwod\.m2\repository\org\codehaus\plexus\plexus-utils\3.0.22\plexus-utils-3.0.22.jar;C:\Users\rtwod\.m2\repository\org\apache\maven\shared\file-management\1.2.1\file-management-1.2.1.jar;C:\Users\rtwod\.m2\repository\org\codehaus\plexus\plexus-container-default\1.0-alpha-9\plexus-container-default-1.0-alpha-9.jar;C:\Users\rtwod\.m2\repository\junit\junit\3.8.1\junit-3.8.1.jar;C:\Users\rtwod\.m2\repository\classworlds\classworlds\1.1-alpha-2\classworlds-1.1-alpha-2.jar;C:\Users\rtwod\.m2\repository\org\apache\maven\reporting\maven-reporting-api\3.0\maven-reporting-api-3.0.jar;C:\Users\rtwod\.m2\repository\org\apache\maven\doxia\doxia-sink-api\1.0\doxia-sink-api-1.0.jar;C:\Users\rtwod\.m2\repository\org\apache\maven\reporting\maven-reporting-impl\2.1\maven-reporting-impl-2.1.jar;C:\Users\rtwod\.m2\repository\org\apache\maven\maven-project\2.0.10\maven-project-2.0.10.jar;C:\Users\rtwod\.m2\repository\org\apache\maven\maven-profile\2.0.10\maven-profile-2.0.10.jar;C:\Users\rtwod\.m2\repository\org\apache\maven\maven-artifact-manager\2.0.10\maven-artifact-manager-2.0.10.jar;C:\Users\rtwod\.m2\repository\org\apache\maven\maven-plugin-registry\2.0.10\maven-plugin-registry-2.0.10.jar;C:\Users\rtwod\.m2\repository\org\apache\maven\doxia\doxia-core\1.1.2\doxia-core-1.1.2.jar;C:\Users\rtwod\.m2\repository\org\apache\maven\doxia\doxia-logging-api\1.1.2\doxia-logging-api-1.1.2.jar;C:\Users\rtwod\.m2\repository\xerces\xercesImpl\2.8.1\xercesImpl-2.8.1.jar;C:\Users\rtwod\.m2\repository\commons-lang\commons-lang\2.4\commons-lang-2.4.jar;C:\Users\rtwod\.m2\repository\commons-httpclient\commons-httpclient\3.1\commons-httpclient-3.1.jar;C:\Users\rtwod\.m2\repository\org\apache\maven\doxia\doxia-site-renderer\1.1.2\doxia-site-renderer-1.1.2.jar;C:\Users\rtwod\.m2\repository\org\apache\maven\doxia\doxia-decoration-model\1.1.2\doxia-decoration-model-1.1.2.jar;C:\Users\rtwod\.m2\repository\org\apache\maven\doxia\doxia-module-xhtml\1.1.2\doxia-module-xhtml-1.1.2.jar;C:\Users\rtwod\.m2\repository\org\apache\maven\doxia\doxia-module-fml\1.1.2\doxia-module-fml-1.1.2.jar;C:\Users\rtwod\.m2\repository\org\codehaus\plexus\plexus-i18n\1.0-beta-7\plexus-i18n-1.0-beta-7.jar;C:\Users\rtwod\.m2\repository\org\codehaus\plexus\plexus-velocity\1.1.7\plexus-velocity-1.1.7.jar;C:\Users\rtwod\.m2\repository\org\apache\velocity\velocity\1.5\velocity-1.5.jar;C:\Users\rtwod\.m2\repository\commons-collections\commons-collections\3.2\commons-collections-3.2.jar;C:\Users\rtwod\.m2\repository\commons-validator\commons-validator\1.2.0\commons-validator-1.2.0.jar;C:\Users\rtwod\.m2\repository\commons-beanutils\commons-beanutils\1.7.0\commons-beanutils-1.7.0.jar;C:\Users\rtwod\.m2\repository\commons-digester\commons-digester\1.6\commons-digester-1.6.jar;C:\Users\rtwod\.m2\repository\commons-logging\commons-logging\1.0.4\commons-logging-1.0.4.jar;C:\Users\rtwod\.m2\repository\oro\oro\2.0.8\oro-2.0.8.jar;C:\Users\rtwod\.m2\repository\xml-apis\xml-apis\1.0.b2\xml-apis-1.0.b2.jar;C:\Users\rtwod\.m2\repository\org\jacoco\org.jacoco.agent\0.8.5\org.jacoco.agent-0.8.5-runtime.jar;C:\Users\rtwod\.m2\repository\org\jacoco\org.jacoco.core\0.8.5\org.jacoco.core-0.8.5.jar;C:\Users\rtwod\.m2\repository\org\ow2\asm\asm\7.2\asm-7.2.jar;C:\Users\rtwod\.m2\repository\org\ow2\asm\asm-commons\7.2\asm-commons-7.2.jar;C:\Users\rtwod\.m2\repository\org\ow2\asm\asm-analysis\7.2\asm-analysis-7.2.jar;C:\Users\rtwod\.m2\repository\org\ow2\asm\asm-tree\7.2\asm-tree-7.2.jar;C:\Users\rtwod\.m2\repository\org\jacoco\org.jacoco.report\0.8.5\org.jacoco.report-0.8.5.jar;C:\Users\rtwod\.m2\repository\org\apache\maven\plugins\maven-assembly-plugin\3.0.0\maven-assembly-plugin-3.0.0.jar;C:\Users\rtwod\.m2\repository\org\apache\maven\maven-artifact\3.0\maven-artifact-3.0.jar;C:\Users\rtwod\.m2\repository\org\apache\maven\maven-model\3.0\maven-model-3.0.jar;C:\Users\rtwod\.m2\repository\org\apache\maven\shared\maven-common-artifact-filters\3.0.1\maven-common-artifact-filters-3.0.1.jar;C:\Users\rtwod\.m2\repository\org\apache\maven\shared\maven-shared-utils\3.1.0\maven-shared-utils-3.1.0.jar;C:\Users\rtwod\.m2\repository\org\apache\maven\shared\maven-artifact-transfer\0.9.0\maven-artifact-transfer-0.9.0.jar;C:\Users\rtwod\.m2\repository\org\slf4j\slf4j-api\1.7.5\slf4j-api-1.7.5.jar;C:\Users\rtwod\.m2\repository\org\codehaus\plexus\plexus-interpolation\1.24\plexus-interpolation-1.24.jar;C:\Users\rtwod\.m2\repository\org\codehaus\plexus\plexus-archiver\3.4\plexus-archiver-3.4.jar;C:\Users\rtwod\.m2\repository\org\apache\commons\commons-compress\1.11\commons-compress-1.11.jar;C:\Users\rtwod\.m2\repository\org\iq80\snappy\snappy\0.4\snappy-0.4.jar;C:\Users\rtwod\.m2\repository\org\tukaani\xz\1.5\xz-1.5.jar;C:\Users\rtwod\.m2\repository\org\apache\maven\shared\maven-shared-io\3.0.0\maven-shared-io-3.0.0.jar;C:\Users\rtwod\.m2\repository\org\apache\maven\maven-compat\3.0\maven-compat-3.0.jar;C:\Users\rtwod\.m2\repository\org\apache\maven\wagon\wagon-provider-api\2.10\wagon-provider-api-2.10.jar;C:\Users\rtwod\.m2\repository\commons-io\commons-io\2.5\commons-io-2.5.jar;C:\Users\rtwod\.m2\repository\org\apache\maven\shared\maven-filtering\3.1.1\maven-filtering-3.1.1.jar;C:\Users\rtwod\.m2\repository\org\sonatype\plexus\plexus-build-api\0.0.7\plexus-build-api-0.0.7.jar;C:\Users\rtwod\.m2\repository\org\codehaus\plexus\plexus-io\2.7.1\plexus-io-2.7.1.jar;C:\Users\rtwod\.m2\repository\org\apache\maven\maven-archiver\3.1.1\maven-archiver-3.1.1.jar;C:\Users\rtwod\.m2\repository\commons-codec\commons-codec\1.6\commons-codec-1.6.jar;"/>
    <property name="java.vm.vendor" value="Oracle Corporation"/>
    <property name="sun.arch.data.model" value="64"/>
    <property name="user.variant" value=""/>
    <property name="java.vendor.url" value="https://java.oracle.com/"/>
    <property name="os.name" value="Windows 10"/>
    <property name="java.vm.specification.version" value="13"/>
    <property name="sun.java.launcher" value="SUN_STANDARD"/>
    <property name="user.country" value="FR"/>
    <property name="sun.boot.library.path" value="C:\Program Files\Java\jdk-13\bin"/>
    <property name="sun.java.command" value="C:\Users\rtwod\AppData\Local\Temp\surefire17778881785511563088\surefirebooter4916147920781419116.jar C:\Users\rtwod\AppData\Local\Temp\surefire17778881785511563088 2021-03-15T14-38-04_789-jvmRun1 surefire17414484505503480170tmp surefire_09217143878966160707tmp"/>
    <property name="jdk.debug" value="release"/>
    <property name="surefire.test.class.path" value="D:\_FORMATION_Salesforce\P5_LAURENS_Jeremy\P5_LAURENS_JEREMY\target\test-classes;D:\_FORMATION_Salesforce\P5_LAURENS_Jeremy\P5_LAURENS_JEREMY\target\classes;C:\Users\rtwod\.m2\repository\org\apache\logging\log4j\log4j-api\2.12.1\log4j-api-2.12.1.jar;C:\Users\rtwod\.m2\repository\org\apache\logging\log4j\log4j-core\2.12.1\log4j-core-2.12.1.jar;C:\Users\rtwod\.m2\repository\mysql\mysql-connector-java\8.0.17\mysql-connector-java-8.0.17.jar;C:\Users\rtwod\.m2\repository\com\google\protobuf\protobuf-java\3.6.1\protobuf-java-3.6.1.jar;C:\Users\rtwod\.m2\repository\org\junit\jupiter\junit-jupiter-api\5.3.2\junit-jupiter-api-5.3.2.jar;C:\Users\rtwod\.m2\repository\org\apiguardian\apiguardian-api\1.0.0\apiguardian-api-1.0.0.jar;C:\Users\rtwod\.m2\repository\org\opentest4j\opentest4j\1.1.1\opentest4j-1.1.1.jar;C:\Users\rtwod\.m2\repository\org\junit\platform\junit-platform-commons\1.3.2\junit-platform-commons-1.3.2.jar;C:\Users\rtwod\.m2\repository\org\mockito\mockito-junit-jupiter\2.23.4\mockito-junit-jupiter-2.23.4.jar;C:\Users\rtwod\.m2\repository\org\mockito\mockito-core\2.23.4\mockito-core-2.23.4.jar;C:\Users\rtwod\.m2\repository\net\bytebuddy\byte-buddy\1.9.3\byte-buddy-1.9.3.jar;C:\Users\rtwod\.m2\repository\net\bytebuddy\byte-buddy-agent\1.9.3\byte-buddy-agent-1.9.3.jar;C:\Users\rtwod\.m2\repository\org\objenesis\objenesis\2.6\objenesis-2.6.jar;C:\Users\rtwod\.m2\repository\org\junit\jupiter\junit-jupiter-engine\5.3.2\junit-jupiter-engine-5.3.2.jar;C:\Users\rtwod\.m2\repository\org\junit\platform\junit-platform-engine\1.3.2\junit-platform-engine-1.3.2.jar;C:\Users\rtwod\.m2\repository\org\jacoco\jacoco-maven-plugin\0.8.5\jacoco-maven-plugin-0.8.5.jar;C:\Users\rtwod\.m2\repository\org\apache\maven\maven-plugin-api\3.0\maven-plugin-api-3.0.jar;C:\Users\rtwod\.m2\repository\org\sonatype\sisu\sisu-inject-plexus\1.4.2\sisu-inject-plexus-1.4.2.jar;C:\Users\rtwod\.m2\repository\org\sonatype\sisu\sisu-inject-bean\1.4.2\sisu-inject-bean-1.4.2.jar;C:\Users\rtwod\.m2\repository\org\sonatype\sisu\sisu-guice\2.1.7\sisu-guice-2.1.7-noaop.jar;C:\Users\rtwod\.m2\repository\org\apache\maven\maven-core\3.0\maven-core-3.0.jar;C:\Users\rtwod\.m2\repository\org\apache\maven\maven-settings\3.0\maven-settings-3.0.jar;C:\Users\rtwod\.m2\repository\org\apache\maven\maven-settings-builder\3.0\maven-settings-builder-3.0.jar;C:\Users\rtwod\.m2\repository\org\apache\maven\maven-repository-metadata\3.0\maven-repository-metadata-3.0.jar;C:\Users\rtwod\.m2\repository\org\apache\maven\maven-model-builder\3.0\maven-model-builder-3.0.jar;C:\Users\rtwod\.m2\repository\org\apache\maven\maven-aether-provider\3.0\maven-aether-provider-3.0.jar;C:\Users\rtwod\.m2\repository\org\sonatype\aether\aether-impl\1.7\aether-impl-1.7.jar;C:\Users\rtwod\.m2\repository\org\sonatype\aether\aether-spi\1.7\aether-spi-1.7.jar;C:\Users\rtwod\.m2\repository\org\sonatype\aether\aether-api\1.7\aether-api-1.7.jar;C:\Users\rtwod\.m2\repository\org\sonatype\aether\aether-util\1.7\aether-util-1.7.jar;C:\Users\rtwod\.m2\repository\org\codehaus\plexus\plexus-classworlds\2.2.3\plexus-classworlds-2.2.3.jar;C:\Users\rtwod\.m2\repository\org\codehaus\plexus\plexus-component-annotations\1.5.5\plexus-component-annotations-1.5.5.jar;C:\Users\rtwod\.m2\repository\org\sonatype\plexus\plexus-sec-dispatcher\1.3\plexus-sec-dispatcher-1.3.jar;C:\Users\rtwod\.m2\repository\org\sonatype\plexus\plexus-cipher\1.4\plexus-cipher-1.4.jar;C:\Users\rtwod\.m2\repository\org\codehaus\plexus\plexus-utils\3.0.22\plexus-utils-3.0.22.jar;C:\Users\rtwod\.m2\repository\org\apache\maven\shared\file-management\1.2.1\file-management-1.2.1.jar;C:\Users\rtwod\.m2\repository\org\codehaus\plexus\plexus-container-default\1.0-alpha-9\plexus-container-default-1.0-alpha-9.jar;C:\Users\rtwod\.m2\repository\junit\junit\3.8.1\junit-3.8.1.jar;C:\Users\rtwod\.m2\repository\classworlds\classworlds\1.1-alpha-2\classworlds-1.1-alpha-2.jar;C:\Users\rtwod\.m2\repository\org\apache\maven\reporting\maven-reporting-api\3.0\maven-reporting-api-3.0.jar;C:\Users\rtwod\.m2\repository\org\apache\maven\doxia\doxia-sink-api\1.0\doxia-sink-api-1.0.jar;C:\Users\rtwod\.m2\repository\org\apache\maven\reporting\maven-reporting-impl\2.1\maven-reporting-impl-2.1.jar;C:\Users\rtwod\.m2\repository\org\apache\maven\maven-project\2.0.10\maven-project-2.0.10.jar;C:\Users\rtwod\.m2\repository\org\apache\maven\maven-profile\2.0.10\maven-profile-2.0.10.jar;C:\Users\rtwod\.m2\repository\org\apache\maven\maven-artifact-manager\2.0.10\maven-artifact-manager-2.0.10.jar;C:\Users\rtwod\.m2\repository\org\apache\maven\maven-plugin-registry\2.0.10\maven-plugin-registry-2.0.10.jar;C:\Users\rtwod\.m2\repository\org\apache\maven\doxia\doxia-core\1.1.2\doxia-core-1.1.2.jar;C:\Users\rtwod\.m2\repository\org\apache\maven\doxia\doxia-logging-api\1.1.2\doxia-logging-api-1.1.2.jar;C:\Users\rtwod\.m2\repository\xerces\xercesImpl\2.8.1\xercesImpl-2.8.1.jar;C:\Users\rtwod\.m2\repository\commons-lang\commons-lang\2.4\commons-lang-2.4.jar;C:\Users\rtwod\.m2\repository\commons-httpclient\commons-httpclient\3.1\commons-httpclient-3.1.jar;C:\Users\rtwod\.m2\repository\org\apache\maven\doxia\doxia-site-renderer\1.1.2\doxia-site-renderer-1.1.2.jar;C:\Users\rtwod\.m2\repository\org\apache\maven\doxia\doxia-decoration-model\1.1.2\doxia-decoration-model-1.1.2.jar;C:\Users\rtwod\.m2\repository\org\apache\maven\doxia\doxia-module-xhtml\1.1.2\doxia-module-xhtml-1.1.2.jar;C:\Users\rtwod\.m2\repository\org\apache\maven\doxia\doxia-module-fml\1.1.2\doxia-module-fml-1.1.2.jar;C:\Users\rtwod\.m2\repository\org\codehaus\plexus\plexus-i18n\1.0-beta-7\plexus-i18n-1.0-beta-7.jar;C:\Users\rtwod\.m2\repository\org\codehaus\plexus\plexus-velocity\1.1.7\plexus-velocity-1.1.7.jar;C:\Users\rtwod\.m2\repository\org\apache\velocity\velocity\1.5\velocity-1.5.jar;C:\Users\rtwod\.m2\repository\commons-collections\commons-collections\3.2\commons-collections-3.2.jar;C:\Users\rtwod\.m2\repository\commons-validator\commons-validator\1.2.0\commons-validator-1.2.0.jar;C:\Users\rtwod\.m2\repository\commons-beanutils\commons-beanutils\1.7.0\commons-beanutils-1.7.0.jar;C:\Users\rtwod\.m2\repository\commons-digester\commons-digester\1.6\commons-digester-1.6.jar;C:\Users\rtwod\.m2\repository\commons-logging\commons-logging\1.0.4\commons-logging-1.0.4.jar;C:\Users\rtwod\.m2\repository\oro\oro\2.0.8\oro-2.0.8.jar;C:\Users\rtwod\.m2\repository\xml-apis\xml-apis\1.0.b2\xml-apis-1.0.b2.jar;C:\Users\rtwod\.m2\repository\org\jacoco\org.jacoco.agent\0.8.5\org.jacoco.agent-0.8.5-runtime.jar;C:\Users\rtwod\.m2\repository\org\jacoco\org.jacoco.core\0.8.5\org.jacoco.core-0.8.5.jar;C:\Users\rtwod\.m2\repository\org\ow2\asm\asm\7.2\asm-7.2.jar;C:\Users\rtwod\.m2\repository\org\ow2\asm\asm-commons\7.2\asm-commons-7.2.jar;C:\Users\rtwod\.m2\repository\org\ow2\asm\asm-analysis\7.2\asm-analysis-7.2.jar;C:\Users\rtwod\.m2\repository\org\ow2\asm\asm-tree\7.2\asm-tree-7.2.jar;C:\Users\rtwod\.m2\repository\org\jacoco\org.jacoco.report\0.8.5\org.jacoco.report-0.8.5.jar;C:\Users\rtwod\.m2\repository\org\apache\maven\plugins\maven-assembly-plugin\3.0.0\maven-assembly-plugin-3.0.0.jar;C:\Users\rtwod\.m2\repository\org\apache\maven\maven-artifact\3.0\maven-artifact-3.0.jar;C:\Users\rtwod\.m2\repository\org\apache\maven\maven-model\3.0\maven-model-3.0.jar;C:\Users\rtwod\.m2\repository\org\apache\maven\shared\maven-common-artifact-filters\3.0.1\maven-common-artifact-filters-3.0.1.jar;C:\Users\rtwod\.m2\repository\org\apache\maven\shared\maven-shared-utils\3.1.0\maven-shared-utils-3.1.0.jar;C:\Users\rtwod\.m2\repository\org\apache\maven\shared\maven-artifact-transfer\0.9.0\maven-artifact-transfer-0.9.0.jar;C:\Users\rtwod\.m2\repository\org\slf4j\slf4j-api\1.7.5\slf4j-api-1.7.5.jar;C:\Users\rtwod\.m2\repository\org\codehaus\plexus\plexus-interpolation\1.24\plexus-interpolation-1.24.jar;C:\Users\rtwod\.m2\repository\org\codehaus\plexus\plexus-archiver\3.4\plexus-archiver-3.4.jar;C:\Users\rtwod\.m2\repository\org\apache\commons\commons-compress\1.11\commons-compress-1.11.jar;C:\Users\rtwod\.m2\repository\org\iq80\snappy\snappy\0.4\snappy-0.4.jar;C:\Users\rtwod\.m2\repository\org\tukaani\xz\1.5\xz-1.5.jar;C:\Users\rtwod\.m2\repository\org\apache\maven\shared\maven-shared-io\3.0.0\maven-shared-io-3.0.0.jar;C:\Users\rtwod\.m2\repository\org\apache\maven\maven-compat\3.0\maven-compat-3.0.jar;C:\Users\rtwod\.m2\repository\org\apache\maven\wagon\wagon-provider-api\2.10\wagon-provider-api-2.10.jar;C:\Users\rtwod\.m2\repository\commons-io\commons-io\2.5\commons-io-2.5.jar;C:\Users\rtwod\.m2\repository\org\apache\maven\shared\maven-filtering\3.1.1\maven-filtering-3.1.1.jar;C:\Users\rtwod\.m2\repository\org\sonatype\plexus\plexus-build-api\0.0.7\plexus-build-api-0.0.7.jar;C:\Users\rtwod\.m2\repository\org\codehaus\plexus\plexus-io\2.7.1\plexus-io-2.7.1.jar;C:\Users\rtwod\.m2\repository\org\apache\maven\maven-archiver\3.1.1\maven-archiver-3.1.1.jar;C:\Users\rtwod\.m2\repository\commons-codec\commons-codec\1.6\commons-codec-1.6.jar;"/>
    <property name="sun.cpu.endian" value="little"/>
    <property name="user.home" value="C:\Users\rtwod"/>
    <property name="user.language" value="fr"/>
    <property name="java.specification.vendor" value="Oracle Corporation"/>
    <property name="java.version.date" value="2019-09-17"/>
    <property name="java.home" value="C:\Program Files\Java\jdk-13"/>
    <property name="file.separator" value="\"/>
    <property name="basedir" value="D:\_FORMATION_Salesforce\P5_LAURENS_Jeremy\P5_LAURENS_JEREMY"/>
    <property name="java.vm.compressedOopsMode" value="32-bit"/>
    <property name="line.separator" value="&#10;"/>
    <property name="java.specification.name" value="Java Platform API Specification"/>
    <property name="java.vm.specification.vendor" value="Oracle Corporation"/>
    <property name="surefire.real.class.path" value="C:\Users\rtwod\AppData\Local\Temp\surefire17778881785511563088\surefirebooter4916147920781419116.jar"/>
    <property name="user.script" value=""/>
    <property name="sun.management.compiler" value="HotSpot 64-Bit Tiered Compilers"/>
    <property name="java.runtime.version" value="13+33"/>
    <property name="user.name" value="Zarrane"/>
    <property name="path.separator" value=";"/>
    <property name="os.version" value="10.0"/>
    <property name="java.runtime.name" value="Java(TM) SE Runtime Environment"/>
    <property name="file.encoding" value="Cp1252"/>
    <property name="java.vm.name" value="Java HotSpot(TM) 64-Bit Server VM"/>
    <property name="localRepository" value="C:\Users\rtwod\.m2\repository"/>
    <property name="java.vendor.url.bug" value="https://bugreport.java.com/bugreport/"/>
    <property name="java.io.tmpdir" value="C:\Users\rtwod\AppData\Local\Temp\"/>
    <property name="java.version" value="13"/>
    <property name="user.dir" value="D:\_FORMATION_Salesforce\P5_LAURENS_Jeremy\P5_LAURENS_JEREMY"/>
    <property name="os.arch" value="amd64"/>
    <property name="java.vm.specification.name" value="Java Virtual Machine Specification"/>
    <property name="sun.os.patch.level" value=""/>
    <property name="java.library.path" value="C:\Program Files\Java\jdk-13\bin;C:\WINDOWS\Sun\Java\bin;C:\WINDOWS\system32;C:\WINDOWS;D:\Logiciels\cmder\vendor\bin;D:\Logiciels\cmder\vendor\git-for-windows\cmd;D:\Logiciels\cmder\vendor\conemu-maximus5\ConEmu\Scripts;D:\Logiciels\cmder\vendor\conemu-maximus5;D:\Logiciels\cmder\vendor\conemu-maximus5\ConEmu;C:\oraclexe\app\oracle\product\11.2.0\server\bin;C:\Windows\system32;C:\Windows;C:\Windows\System32\Wbem;C:\Windows\System32\WindowsPowerShell\v1.0\;C:\Windows\System32\OpenSSH\;C:\Program Files (x86)\NVIDIA Corporation\PhysX\Common;C:\Program Files\NVIDIA Corporation\NVIDIA NvDLISR;C:\WINDOWS\system32;C:\WINDOWS;C:\WINDOWS\System32\Wbem;C:\WINDOWS\System32\WindowsPowerShell\v1.0\;C:\WINDOWS\System32\OpenSSH\;D:\Logiciels\Git\cmd;C:\Users\rtwod\AppData\Local\Microsoft\WindowsApps;D:\Logiciels\IntelliJ IDEA 2019.2.3\bin;C:\Users\rtwod\AppData\Local\GitHubDesktop\bin;D:\Logiciels\Microsoft VS Code\bin;D:\Logiciels\apache-maven-3.6.3-bin\apache-maven-3.6.3\bin;C:\Users\rtwod\AppData\Local\Microsoft\WindowsApps;C:\Program Files\JetBrains\IntelliJ IDEA Community Edition 2020.3.2\bin;D:\Logiciels\cmder\vendor\git-for-windows\mingw64\bin;D:\Logiciels\cmder\vendor\git-for-windows\usr\bin;D:\Logiciels\cmder;."/>
    <property name="java.vm.info" value="mixed mode, sharing"/>
    <property name="java.vendor" value="Oracle Corporation"/>
    <property name="java.vm.version" value="13+33"/>
    <property name="sun.io.unicode.encoding" value="UnicodeLittle"/>
    <property name="java.class.version" value="57.0"/>
  </properties>
  <testcase name="getNextParkingNumberIfAvailableTest" classname="com.parkit.parkingsystem.ParkingServiceTest" time="3.876">
    <error message="&#10;Unnecessary stubbings detected.&#10;Clean &amp; maintainable test code requires zero unnecessary code.&#10;Following stubbings are unnecessary (click to navigate to relevant line of code):&#10;  1. -&gt; at com.parkit.parkingsystem.ParkingServiceTest.setUpPerTest(ParkingServiceTest.java:40)&#10;  2. -&gt; at com.parkit.parkingsystem.ParkingServiceTest.setUpPerTest(ParkingServiceTest.java:46)&#10;  3. -&gt; at com.parkit.parkingsystem.ParkingServiceTest.setUpPerTest(ParkingServiceTest.java:47)&#10;  4. -&gt; at com.parkit.parkingsystem.ParkingServiceTest.setUpPerTest(ParkingServiceTest.java:49)&#10;Please remove unnecessary stubbings or use &apos;lenient&apos; strictness. More info: javadoc for UnnecessaryStubbingException class." type="org.mockito.exceptions.misusing.UnnecessaryStubbingException"><![CDATA[org.mockito.exceptions.misusing.UnnecessaryStubbingException: 

Unnecessary stubbings detected.
Clean & maintainable test code requires zero unnecessary code.
Following stubbings are unnecessary (click to navigate to relevant line of code):
  1. -> at com.parkit.parkingsystem.ParkingServiceTest.setUpPerTest(ParkingServiceTest.java:40)
  2. -> at com.parkit.parkingsystem.ParkingServiceTest.setUpPerTest(ParkingServiceTest.java:46)
  3. -> at com.parkit.parkingsystem.ParkingServiceTest.setUpPerTest(ParkingServiceTest.java:47)
  4. -> at com.parkit.parkingsystem.ParkingServiceTest.setUpPerTest(ParkingServiceTest.java:49)
Please remove unnecessary stubbings or use 'lenient' strictness. More info: javadoc for UnnecessaryStubbingException class.
]]></error>
    <system-out><![CDATA[Please select vehicle type from menu
1 CAR
2 BIKE
Incorrect input provided
14:38:11.171 [main] ERROR ParkingService - Error parsing user input for type of vehicle
java.lang.IllegalArgumentException: Entered input is invalid
	at com.parkit.parkingsystem.service.ParkingService.getVehichleType(ParkingService.java:100) ~[classes/:?]
	at com.parkit.parkingsystem.service.ParkingService.getNextParkingNumberIfAvailable(ParkingService.java:71) ~[classes/:?]
	at com.parkit.parkingsystem.ParkingServiceTest.getNextParkingNumberIfAvailableTest(ParkingServiceTest.java:75) ~[test-classes/:?]
	at jdk.internal.reflect.NativeMethodAccessorImpl.invoke0(Native Method) ~[?:?]
	at jdk.internal.reflect.NativeMethodAccessorImpl.invoke(NativeMethodAccessorImpl.java:62) ~[?:?]
	at jdk.internal.reflect.DelegatingMethodAccessorImpl.invoke(DelegatingMethodAccessorImpl.java:43) ~[?:?]
	at java.lang.reflect.Method.invoke(Method.java:567) ~[?:?]
	at org.junit.platform.commons.util.ReflectionUtils.invokeMethod(ReflectionUtils.java:532) ~[junit-platform-commons-1.3.2.jar:1.3.2]
	at org.junit.jupiter.engine.execution.ExecutableInvoker.invoke(ExecutableInvoker.java:115) ~[junit-jupiter-engine-5.3.2.jar:5.3.2]
	at org.junit.jupiter.engine.descriptor.TestMethodTestDescriptor.lambda$invokeTestMethod$6(TestMethodTestDescriptor.java:171) ~[junit-jupiter-engine-5.3.2.jar:5.3.2]
	at org.junit.platform.engine.support.hierarchical.ThrowableCollector.execute(ThrowableCollector.java:72) ~[junit-platform-engine-1.3.2.jar:1.3.2]
	at org.junit.jupiter.engine.descriptor.TestMethodTestDescriptor.invokeTestMethod(TestMethodTestDescriptor.java:167) ~[junit-jupiter-engine-5.3.2.jar:5.3.2]
	at org.junit.jupiter.engine.descriptor.TestMethodTestDescriptor.execute(TestMethodTestDescriptor.java:114) ~[junit-jupiter-engine-5.3.2.jar:5.3.2]
	at org.junit.jupiter.engine.descriptor.TestMethodTestDescriptor.execute(TestMethodTestDescriptor.java:59) ~[junit-jupiter-engine-5.3.2.jar:5.3.2]
	at org.junit.platform.engine.support.hierarchical.NodeTestTask.lambda$executeRecursively$4(NodeTestTask.java:108) ~[junit-platform-engine-1.3.2.jar:1.3.2]
	at org.junit.platform.engine.support.hierarchical.ThrowableCollector.execute(ThrowableCollector.java:72) ~[junit-platform-engine-1.3.2.jar:1.3.2]
	at org.junit.platform.engine.support.hierarchical.NodeTestTask.executeRecursively(NodeTestTask.java:98) ~[junit-platform-engine-1.3.2.jar:1.3.2]
	at org.junit.platform.engine.support.hierarchical.NodeTestTask.execute(NodeTestTask.java:74) ~[junit-platform-engine-1.3.2.jar:1.3.2]
	at java.util.ArrayList.forEach(ArrayList.java:1507) ~[?:?]
	at org.junit.platform.engine.support.hierarchical.SameThreadHierarchicalTestExecutorService.invokeAll(SameThreadHierarchicalTestExecutorService.java:38) ~[junit-platform-engine-1.3.2.jar:1.3.2]
	at org.junit.platform.engine.support.hierarchical.NodeTestTask.lambda$executeRecursively$4(NodeTestTask.java:112) ~[junit-platform-engine-1.3.2.jar:1.3.2]
	at org.junit.platform.engine.support.hierarchical.ThrowableCollector.execute(ThrowableCollector.java:72) ~[junit-platform-engine-1.3.2.jar:1.3.2]
	at org.junit.platform.engine.support.hierarchical.NodeTestTask.executeRecursively(NodeTestTask.java:98) ~[junit-platform-engine-1.3.2.jar:1.3.2]
	at org.junit.platform.engine.support.hierarchical.NodeTestTask.execute(NodeTestTask.java:74) ~[junit-platform-engine-1.3.2.jar:1.3.2]
	at java.util.ArrayList.forEach(ArrayList.java:1507) ~[?:?]
	at org.junit.platform.engine.support.hierarchical.SameThreadHierarchicalTestExecutorService.invokeAll(SameThreadHierarchicalTestExecutorService.java:38) ~[junit-platform-engine-1.3.2.jar:1.3.2]
	at org.junit.platform.engine.support.hierarchical.NodeTestTask.lambda$executeRecursively$4(NodeTestTask.java:112) ~[junit-platform-engine-1.3.2.jar:1.3.2]
	at org.junit.platform.engine.support.hierarchical.ThrowableCollector.execute(ThrowableCollector.java:72) [junit-platform-engine-1.3.2.jar:1.3.2]
	at org.junit.platform.engine.support.hierarchical.NodeTestTask.executeRecursively(NodeTestTask.java:98) [junit-platform-engine-1.3.2.jar:1.3.2]
	at org.junit.platform.engine.support.hierarchical.NodeTestTask.execute(NodeTestTask.java:74) [junit-platform-engine-1.3.2.jar:1.3.2]
	at org.junit.platform.engine.support.hierarchical.SameThreadHierarchicalTestExecutorService.submit(SameThreadHierarchicalTestExecutorService.java:32) [junit-platform-engine-1.3.2.jar:1.3.2]
	at org.junit.platform.engine.support.hierarchical.HierarchicalTestExecutor.execute(HierarchicalTestExecutor.java:57) [junit-platform-engine-1.3.2.jar:1.3.2]
	at org.junit.platform.engine.support.hierarchical.HierarchicalTestEngine.execute(HierarchicalTestEngine.java:51) [junit-platform-engine-1.3.2.jar:1.3.2]
	at org.junit.platform.launcher.core.DefaultLauncher.execute(DefaultLauncher.java:170) [junit-platform-launcher-1.2.0.jar:1.2.0]
	at org.junit.platform.launcher.core.DefaultLauncher.execute(DefaultLauncher.java:154) [junit-platform-launcher-1.2.0.jar:1.2.0]
	at org.junit.platform.launcher.core.DefaultLauncher.execute(DefaultLauncher.java:90) [junit-platform-launcher-1.2.0.jar:1.2.0]
	at org.junit.platform.surefire.provider.JUnitPlatformProvider.invokeAllTests(JUnitPlatformProvider.java:132) [junit-platform-surefire-provider-1.2.0.jar:1.2.0]
	at org.junit.platform.surefire.provider.JUnitPlatformProvider.invoke(JUnitPlatformProvider.java:111) [junit-platform-surefire-provider-1.2.0.jar:1.2.0]
	at org.apache.maven.surefire.booter.ForkedBooter.invokeProviderInSameClassLoader(ForkedBooter.java:379) [surefire-booter-2.21.0.jar:2.21.0]
	at org.apache.maven.surefire.booter.ForkedBooter.runSuitesInProcess(ForkedBooter.java:340) [surefire-booter-2.21.0.jar:2.21.0]
	at org.apache.maven.surefire.booter.ForkedBooter.execute(ForkedBooter.java:125) [surefire-booter-2.21.0.jar:2.21.0]
	at org.apache.maven.surefire.booter.ForkedBooter.main(ForkedBooter.java:413) [surefire-booter-2.21.0.jar:2.21.0]
]]></system-out>
    <system-err><![CDATA[ERROR StatusLogger No Log4j 2 configuration file found. Using default configuration (logging only errors to the console), or user programmatically provided configurations. Set system property 'log4j2.debug' to show Log4j 2 internal initialization logging. See https://logging.apache.org/log4j/2.x/manual/configuration.html for instructions on how to configure Log4j 2
]]></system-err>
  </testcase>
  <testcase name="processExitingVehicleTest" classname="com.parkit.parkingsystem.ParkingServiceTest" time="0.013"/>
</testsuite>